c:\github\proj300\desktop_application\build\desktop_application.dir\debug\vc143.pdb
c:\github\proj300\desktop_application\build\desktop_application.dir\debug\serialib.obj
c:\github\proj300\desktop_application\build\desktop_application.dir\debug\imgui_impl_sdlrenderer3.obj
c:\github\proj300\desktop_application\build\desktop_application.dir\debug\imgui_impl_sdlgpu3.obj
c:\github\proj300\desktop_application\build\desktop_application.dir\debug\imgui_impl_sdl3.obj
c:\github\proj300\desktop_application\build\desktop_application.dir\debug\main.obj
c:\github\proj300\desktop_application\build\desktop_application.dir\debug\rendererbackend.obj
c:\github\proj300\desktop_application\build\cmakefiles\generate.stamp
c:\github\proj300\desktop_application\build\debug\desktop_application.exe
c:\github\proj300\desktop_application\build\debug\desktop_application.pdb
c:\github\proj300\desktop_application\build\desktop_application.dir\debug\desktop_application.ilk
c:\github\proj300\desktop_application\build\desktop_application.dir\debug\desktop_.aea4c34a.tlog\cl.command.1.tlog
c:\github\proj300\desktop_application\build\desktop_application.dir\debug\desktop_.aea4c34a.tlog\cl.items.tlog
c:\github\proj300\desktop_application\build\desktop_application.dir\debug\desktop_.aea4c34a.tlog\cl.read.1.tlog
c:\github\proj300\desktop_application\build\desktop_application.dir\debug\desktop_.aea4c34a.tlog\cl.write.1.tlog
c:\github\proj300\desktop_application\build\desktop_application.dir\debug\desktop_.aea4c34a.tlog\custombuild.command.1.tlog
c:\github\proj300\desktop_application\build\desktop_application.dir\debug\desktop_.aea4c34a.tlog\custombuild.read.1.tlog
c:\github\proj300\desktop_application\build\desktop_application.dir\debug\desktop_.aea4c34a.tlog\custombuild.write.1.tlog
c:\github\proj300\desktop_application\build\desktop_application.dir\debug\desktop_.aea4c34a.tlog\link.command.1.tlog
c:\github\proj300\desktop_application\build\desktop_application.dir\debug\desktop_.aea4c34a.tlog\link.read.1.tlog
c:\github\proj300\desktop_application\build\desktop_application.dir\debug\desktop_.aea4c34a.tlog\link.secondary.1.tlog
c:\github\proj300\desktop_application\build\desktop_application.dir\debug\desktop_.aea4c34a.tlog\link.write.1.tlog
