Detecting compiler hash for triplet x64-windows...
Compiler found: C:/Program Files (x86)/Microsoft Visual Studio/2022/BuildTools/VC/Tools/MSVC/14.42.34433/bin/Hostx64/x64/cl.exe
All requested packages are currently installed.
Total install time: 675 us
eigen3 provides CMake targets:

  # this is heuristically generated, and may not be correct
  find_package(Eigen3 CONFIG REQUIRED)
  target_link_libraries(main PRIVATE Eigen3::Eigen)

eigen3 provides pkg-config modules:

  # A C++ template library for linear algebra: vectors, matrices, and related algorithms
  eigen3

imgui provides CMake targets:

  # this is heuristically generated, and may not be correct
  find_package(imgui CONFIG REQUIRED)
  target_link_libraries(main PRIVATE imgui::imgui)

implot provides CMake targets:

  # this is heuristically generated, and may not be correct
  find_package(implot CONFIG REQUIRED)
  target_link_libraries(main PRIVATE implot::implot)

sdl3 provides CMake targets:

  find_package(SDL3 CONFIG REQUIRED)
  target_link_libraries(main PRIVATE SDL3::SDL3)

